Traceback (most recent call last):
  File "/workspace/liveStream/app.py", line 43, in <module>
    socketio.run(app, port=5000)
  File "/openhands/poetry/openhands-ai-5O4_aCHf-py3.12/lib/python3.12/site-packages/flask_socketio/__init__.py", line 726, in run
    self.wsgi_server.serve_forever()
  File "/openhands/poetry/openhands-ai-5O4_aCHf-py3.12/lib/python3.12/site-packages/gevent/baseserver.py", line 398, in serve_forever
    self.start()
  File "/openhands/poetry/openhands-ai-5O4_aCHf-py3.12/lib/python3.12/site-packages/gevent/baseserver.py", line 336, in start
    self.init_socket()
  File "/openhands/poetry/openhands-ai-5O4_aCHf-py3.12/lib/python3.12/site-packages/gevent/pywsgi.py", line 1668, in init_socket
    StreamServer.init_socket(self)
  File "/openhands/poetry/openhands-ai-5O4_aCHf-py3.12/lib/python3.12/site-packages/gevent/server.py", line 173, in init_socket
    self.socket = self.get_listener(self.address, self.backlog, self.family)
                  ^^^^^^^^^^^^^^^^^^^^^^^^^^^^^^^^^^^^^^^^^^^^^^^^^^^^^^^^^^
  File "/openhands/poetry/openhands-ai-5O4_aCHf-py3.12/lib/python3.12/site-packages/gevent/server.py", line 185, in get_listener
    return _tcp_listener(address, backlog=backlog, reuse_addr=cls.reuse_addr, family=family)
           ^^^^^^^^^^^^^^^^^^^^^^^^^^^^^^^^^^^^^^^^^^^^^^^^^^^^^^^^^^^^^^^^^^^^^^^^^^^^^^^^^
  File "/openhands/poetry/openhands-ai-5O4_aCHf-py3.12/lib/python3.12/site-packages/gevent/server.py", line 264, in _tcp_listener
    sock.bind(address)
  File "/openhands/poetry/openhands-ai-5O4_aCHf-py3.12/lib/python3.12/site-packages/gevent/_socketcommon.py", line 547, in bind
    return self._sock.bind(address)
           ^^^^^^^^^^^^^^^^^^^^^^^^
OSError: [Errno 98] Address already in use: ('127.0.0.1', 5000)
